2019-08-02 07:50:33.453  WARN 6000 --- [HikariPool-1 housekeeper] com.zaxxer.hikari.pool.HikariPool        : HikariPool-1 - Thread starvation or clock leap detected (housekeeper delta=7h12m41s34ms990µs727ns).
2019-08-02 17:30:38.603  WARN 6000 --- [HikariPool-1 housekeeper] com.zaxxer.hikari.pool.HikariPool        : HikariPool-1 - Thread starvation or clock leap detected (housekeeper delta=3h27m4s358ms857µs855ns).
2019-08-02 20:41:29.316  WARN 9352 --- [main] ory$DuplicateJsonObjectContextCustomizer : 

Found multiple occurrences of org.json.JSONObject on the class path:

	jar:file:/C:/Users/ayoba/.m2/repository/com/vaadin/external/google/android-json/0.0.20131108.vaadin1/android-json-0.0.20131108.vaadin1.jar!/org/json/JSONObject.class
	jar:file:/C:/Users/ayoba/.m2/repository/org/json/json/20160810/json-20160810.jar!/org/json/JSONObject.class

You may wish to exclude one of them to ensure predictable runtime behavior

2019-08-02 20:41:29.401  INFO 9352 --- [main] c.t.p.domainTest.UserLoginDetailTest     : Starting UserLoginDetailTest on DESKTOP-QH1O9JV with PID 9352 (started by ayoba in C:\Users\ayoba\eclipse-workspace\ca.timisencoTech.ProjectmanagemetAPIs)
2019-08-02 20:41:29.405  INFO 9352 --- [main] c.t.p.domainTest.UserLoginDetailTest     : No active profile set, falling back to default profiles: default
2019-08-02 20:41:33.417  INFO 9352 --- [main] .s.d.r.c.RepositoryConfigurationDelegate : Bootstrapping Spring Data repositories in DEFAULT mode.
2019-08-02 20:41:34.048  INFO 9352 --- [main] .s.d.r.c.RepositoryConfigurationDelegate : Finished Spring Data repository scanning in 593ms. Found 7 repository interfaces.
2019-08-02 20:41:35.896  INFO 9352 --- [main] trationDelegate$BeanPostProcessorChecker : Bean 'org.springframework.transaction.annotation.ProxyTransactionManagementConfiguration' of type [org.springframework.transaction.annotation.ProxyTransactionManagementConfiguration$$EnhancerBySpringCGLIB$$60c796fc] is not eligible for getting processed by all BeanPostProcessors (for example: not eligible for auto-proxying)
2019-08-02 20:41:37.758  INFO 9352 --- [main] o.hibernate.jpa.internal.util.LogHelper  : HHH000204: Processing PersistenceUnitInfo [name: default]
2019-08-02 20:41:38.043  INFO 9352 --- [main] org.hibernate.Version                    : HHH000412: Hibernate Core {5.4.3.Final}
2019-08-02 20:41:38.793  INFO 9352 --- [main] o.hibernate.annotations.common.Version   : HCANN000001: Hibernate Commons Annotations {5.1.0.Final}
2019-08-02 20:41:40.956  INFO 9352 --- [main] com.zaxxer.hikari.HikariDataSource       : HikariPool-1 - Starting...
2019-08-02 20:41:40.971  WARN 9352 --- [main] com.zaxxer.hikari.util.DriverDataSource  : Registered driver with driverClassName=com.mysql.jdbc.Driver was not found, trying direct instantiation.
2019-08-02 20:41:46.275  INFO 9352 --- [main] com.zaxxer.hikari.HikariDataSource       : HikariPool-1 - Start completed.
2019-08-02 20:41:46.427  INFO 9352 --- [main] org.hibernate.dialect.Dialect            : HHH000400: Using dialect: org.hibernate.dialect.MySQL5Dialect
2019-08-02 20:41:48.023  WARN 9352 --- [main] org.hibernate.mapping.RootClass          : HHH000038: Composite-id class does not override equals(): ca.timisencotech.projectmanagementapis.dto.ProjectDetails$ProjectDetailsId
2019-08-02 20:41:48.025  WARN 9352 --- [main] org.hibernate.mapping.RootClass          : HHH000039: Composite-id class does not override hashCode(): ca.timisencotech.projectmanagementapis.dto.ProjectDetails$ProjectDetailsId
2019-08-02 20:41:48.027  WARN 9352 --- [main] org.hibernate.mapping.RootClass          : HHH000038: Composite-id class does not override equals(): ca.timisencotech.projectmanagementapis.dto.StatesProvinces$StatesProvincesId
2019-08-02 20:41:48.029  WARN 9352 --- [main] org.hibernate.mapping.RootClass          : HHH000039: Composite-id class does not override hashCode(): ca.timisencotech.projectmanagementapis.dto.StatesProvinces$StatesProvincesId
2019-08-02 20:41:48.031  WARN 9352 --- [main] org.hibernate.mapping.RootClass          : HHH000038: Composite-id class does not override equals(): ca.timisencotech.projectmanagementapis.dto.Countries$CountriesId
2019-08-02 20:41:48.032  WARN 9352 --- [main] org.hibernate.mapping.RootClass          : HHH000039: Composite-id class does not override hashCode(): ca.timisencotech.projectmanagementapis.dto.Countries$CountriesId
2019-08-02 20:41:48.033  WARN 9352 --- [main] org.hibernate.mapping.RootClass          : HHH000038: Composite-id class does not override equals(): ca.timisencotech.projectmanagementapis.dto.UserDetails$UserDetailsId
2019-08-02 20:41:48.035  WARN 9352 --- [main] org.hibernate.mapping.RootClass          : HHH000039: Composite-id class does not override hashCode(): ca.timisencotech.projectmanagementapis.dto.UserDetails$UserDetailsId
2019-08-02 20:41:48.036  WARN 9352 --- [main] org.hibernate.mapping.RootClass          : HHH000038: Composite-id class does not override equals(): ca.timisencotech.projectmanagementapis.dto.UserLoginDetails$UserLoginDetailsId
2019-08-02 20:41:48.036  WARN 9352 --- [main] org.hibernate.mapping.RootClass          : HHH000039: Composite-id class does not override hashCode(): ca.timisencotech.projectmanagementapis.dto.UserLoginDetails$UserLoginDetailsId
2019-08-02 20:41:48.037  WARN 9352 --- [main] org.hibernate.mapping.RootClass          : HHH000038: Composite-id class does not override equals(): ca.timisencotech.projectmanagementapis.dto.UserSignUpDetails$UserLoginDetailsId
2019-08-02 20:41:48.039  WARN 9352 --- [main] org.hibernate.mapping.RootClass          : HHH000039: Composite-id class does not override hashCode(): ca.timisencotech.projectmanagementapis.dto.UserSignUpDetails$UserLoginDetailsId
2019-08-02 20:41:48.041  WARN 9352 --- [main] org.hibernate.mapping.RootClass          : HHH000038: Composite-id class does not override equals(): ca.timisencotech.projectmanagementapis.dto.Cities$CitiesId
2019-08-02 20:41:48.041  WARN 9352 --- [main] org.hibernate.mapping.RootClass          : HHH000039: Composite-id class does not override hashCode(): ca.timisencotech.projectmanagementapis.dto.Cities$CitiesId
2019-08-02 20:41:52.127  INFO 9352 --- [main] o.h.e.t.j.p.i.JtaPlatformInitiator       : HHH000490: Using JtaPlatform implementation: [org.hibernate.engine.transaction.jta.platform.internal.NoJtaPlatform]
2019-08-02 20:41:52.135  INFO 9352 --- [main] j.LocalContainerEntityManagerFactoryBean : Initialized JPA EntityManagerFactory for persistence unit 'default'
2019-08-02 20:41:59.335  WARN 9352 --- [main] JpaBaseConfiguration$JpaWebConfiguration : spring.jpa.open-in-view is enabled by default. Therefore, database queries may be performed during view rendering. Explicitly configure spring.jpa.open-in-view to disable this warning
2019-08-02 20:42:00.804  INFO 9352 --- [main] o.s.s.concurrent.ThreadPoolTaskExecutor  : Initializing ExecutorService 'applicationTaskExecutor'
2019-08-02 20:42:05.620  INFO 9352 --- [main] c.t.p.domainTest.UserLoginDetailTest     : Started UserLoginDetailTest in 38.213 seconds (JVM running for 71.961)
2019-08-02 20:42:06.216  INFO 9352 --- [Thread-2] o.s.s.concurrent.ThreadPoolTaskExecutor  : Shutting down ExecutorService 'applicationTaskExecutor'
2019-08-02 20:42:06.228  INFO 9352 --- [Thread-2] j.LocalContainerEntityManagerFactoryBean : Closing JPA EntityManagerFactory for persistence unit 'default'
2019-08-02 20:42:06.255  INFO 9352 --- [Thread-2] com.zaxxer.hikari.HikariDataSource       : HikariPool-1 - Shutdown initiated...
2019-08-02 20:42:06.284  INFO 9352 --- [Thread-2] com.zaxxer.hikari.HikariDataSource       : HikariPool-1 - Shutdown completed.
